dbutils/build/outputs/logs/manifest-merger-debug-report.txt
-- Merging decision tree log ---
manifest
ADDED from src\main\AndroidManifest.xml:1:1-5:12
INJECTED from src\main\AndroidManifest.xml:1:1-5:12
INJECTED from src\main\AndroidManifest.xml:1:1-5:12
	package
		ADDED from src\main\AndroidManifest.xml:1:11-31
		INJECTED from src\main\AndroidManifest.xml
		INJECTED from src\main\AndroidManifest.xml
application
ADDED from src\main\AndroidManifest.xml:3:5-19